2023-02-07 10:47:24,135 - mmcls - INFO - Environment info:
------------------------------------------------------------
sys.platform: linux
Python: 3.8.16 (default, Jan 17 2023, 23:13:24) [GCC 11.2.0]
CUDA available: True
GPU 0: NVIDIA GeForce RTX 3090
CUDA_HOME: /data/apps/cuda/11.1
NVCC: Cuda compilation tools, release 11.1, V11.1.74
GCC: gcc (GCC) 7.3.0
PyTorch: 1.10.0+cu111
PyTorch compiling details: PyTorch built with:
  - GCC 7.3
  - C++ Version: 201402
  - Intel(R) Math Kernel Library Version 2020.0.0 Product Build 20191122 for Intel(R) 64 architecture applications
  - Intel(R) MKL-DNN v2.2.3 (Git Hash 7336ca9f055cf1bfa13efb658fe15dc9b41f0740)
  - OpenMP 201511 (a.k.a. OpenMP 4.5)
  - LAPACK is enabled (usually provided by MKL)
  - NNPACK is enabled
  - CPU capability usage: AVX2
  - CUDA Runtime 11.1
  - NVCC architecture flags: -gencode;arch=compute_37,code=sm_37;-gencode;arch=compute_50,code=sm_50;-gencode;arch=compute_60,code=sm_60;-gencode;arch=compute_70,code=sm_70;-gencode;arch=compute_75,code=sm_75;-gencode;arch=compute_80,code=sm_80;-gencode;arch=compute_86,code=sm_86
  - CuDNN 8.0.5
  - Magma 2.5.2
  - Build settings: BLAS_INFO=mkl, BUILD_TYPE=Release, CUDA_VERSION=11.1, CUDNN_VERSION=8.0.5, CXX_COMPILER=/opt/rh/devtoolset-7/root/usr/bin/c++, CXX_FLAGS= -Wno-deprecated -fvisibility-inlines-hidden -DUSE_PTHREADPOOL -fopenmp -DNDEBUG -DUSE_KINETO -DUSE_FBGEMM -DUSE_QNNPACK -DUSE_PYTORCH_QNNPACK -DUSE_XNNPACK -DSYMBOLICATE_MOBILE_DEBUG_HANDLE -DEDGE_PROFILER_USE_KINETO -O2 -fPIC -Wno-narrowing -Wall -Wextra -Werror=return-type -Wno-missing-field-initializers -Wno-type-limits -Wno-array-bounds -Wno-unknown-pragmas -Wno-sign-compare -Wno-unused-parameter -Wno-unused-variable -Wno-unused-function -Wno-unused-result -Wno-unused-local-typedefs -Wno-strict-overflow -Wno-strict-aliasing -Wno-error=deprecated-declarations -Wno-stringop-overflow -Wno-psabi -Wno-error=pedantic -Wno-error=redundant-decls -Wno-error=old-style-cast -fdiagnostics-color=always -faligned-new -Wno-unused-but-set-variable -Wno-maybe-uninitialized -fno-math-errno -fno-trapping-math -Werror=format -Wno-stringop-overflow, LAPACK_INFO=mkl, PERF_WITH_AVX=1, PERF_WITH_AVX2=1, PERF_WITH_AVX512=1, TORCH_VERSION=1.10.0, USE_CUDA=ON, USE_CUDNN=ON, USE_EXCEPTION_PTR=1, USE_GFLAGS=OFF, USE_GLOG=OFF, USE_MKL=ON, USE_MKLDNN=ON, USE_MPI=OFF, USE_NCCL=ON, USE_NNPACK=ON, USE_OPENMP=ON, 

TorchVision: 0.11.0+cu111
OpenCV: 4.7.0
MMCV: 1.7.0
MMCV Compiler: GCC 7.3
MMCV CUDA Compiler: 11.1
MMClassification: 0.25.0+3d4f80d
------------------------------------------------------------

2023-02-07 10:47:24,137 - mmcls - INFO - Distributed training: False
2023-02-07 10:47:24,234 - mmcls - INFO - Config:
model = dict(
    type='ImageClassifier',
    backbone=dict(
        type='ResNet',
        depth=18,
        num_stages=4,
        out_indices=(3, ),
        style='pytorch'),
    neck=dict(type='GlobalAveragePooling'),
    head=dict(
        type='LinearClsHead',
        num_classes=5,
        in_channels=512,
        loss=dict(type='CrossEntropyLoss', loss_weight=1.0),
        topk=(1, )))
dataset_type = 'ImageNet'
img_norm_cfg = dict(
    mean=[123.675, 116.28, 103.53], std=[58.395, 57.12, 57.375], to_rgb=True)
train_pipeline = [
    dict(type='LoadImageFromFile'),
    dict(type='RandomResizedCrop', size=224),
    dict(type='RandomFlip', flip_prob=0.5, direction='horizontal'),
    dict(
        type='Normalize',
        mean=[123.675, 116.28, 103.53],
        std=[58.395, 57.12, 57.375],
        to_rgb=True),
    dict(type='ImageToTensor', keys=['img']),
    dict(type='ToTensor', keys=['gt_label']),
    dict(type='Collect', keys=['img', 'gt_label'])
]
test_pipeline = [
    dict(type='LoadImageFromFile'),
    dict(type='Resize', size=(256, -1)),
    dict(type='CenterCrop', crop_size=224),
    dict(
        type='Normalize',
        mean=[123.675, 116.28, 103.53],
        std=[58.395, 57.12, 57.375],
        to_rgb=True),
    dict(type='ImageToTensor', keys=['img']),
    dict(type='Collect', keys=['img'])
]
data = dict(
    samples_per_gpu=32,
    workers_per_gpu=2,
    train=dict(
        type='ImageNet',
        data_prefix='data/flower/train',
        pipeline=[
            dict(type='LoadImageFromFile'),
            dict(type='RandomResizedCrop', size=224),
            dict(type='RandomFlip', flip_prob=0.5, direction='horizontal'),
            dict(
                type='Normalize',
                mean=[123.675, 116.28, 103.53],
                std=[58.395, 57.12, 57.375],
                to_rgb=True),
            dict(type='ImageToTensor', keys=['img']),
            dict(type='ToTensor', keys=['gt_label']),
            dict(type='Collect', keys=['img', 'gt_label'])
        ],
        ann_file='data/flower/train.txt',
        classes='data/flower/classes.txt'),
    val=dict(
        type='ImageNet',
        data_prefix='data/flower/val',
        ann_file='data/flower/val.txt',
        pipeline=[
            dict(type='LoadImageFromFile'),
            dict(type='Resize', size=(256, -1)),
            dict(type='CenterCrop', crop_size=224),
            dict(
                type='Normalize',
                mean=[123.675, 116.28, 103.53],
                std=[58.395, 57.12, 57.375],
                to_rgb=True),
            dict(type='ImageToTensor', keys=['img']),
            dict(type='Collect', keys=['img'])
        ],
        classes='data/flower/classes.txt'),
    test=dict(
        type='ImageNet',
        data_prefix='data/imagenet/val',
        ann_file='data/imagenet/meta/val.txt',
        pipeline=[
            dict(type='LoadImageFromFile'),
            dict(type='Resize', size=(256, -1)),
            dict(type='CenterCrop', crop_size=224),
            dict(
                type='Normalize',
                mean=[123.675, 116.28, 103.53],
                std=[58.395, 57.12, 57.375],
                to_rgb=True),
            dict(type='ImageToTensor', keys=['img']),
            dict(type='Collect', keys=['img'])
        ]))
evaluation = dict(interval=1, metric='accuracy')
checkpoint_config = dict(interval=1)
log_config = dict(interval=100, hooks=[dict(type='TextLoggerHook')])
dist_params = dict(backend='nccl')
log_level = 'INFO'
load_from = '/HOME/scz0au4/run/mmclassification/checkpoints/resnet18_batch256_imagenet_20200708-34ab8f90.pth'
resume_from = None
workflow = [('train', 1)]
optimizer = dict(type='SGD', lr=0.001, momentum=0.9, weight_decay=0.0001)
optimizer_config = dict(grad_clip=None)
lr_config = dict(policy='step', step=[1])
runner = dict(type='EpochBasedRunner', max_epochs=100)
work_dir = 'work/resnet18_b16_flower'
gpu_ids = [0]

2023-02-07 10:47:24,236 - mmcls - INFO - Set random seed to 179856823, deterministic: False
2023-02-07 10:47:24,328 - mmcls - INFO - initialize ResNet with init_cfg [{'type': 'Kaiming', 'layer': ['Conv2d']}, {'type': 'Constant', 'val': 1, 'layer': ['_BatchNorm', 'GroupNorm']}]
2023-02-07 10:47:24,419 - mmcls - INFO - initialize LinearClsHead with init_cfg {'type': 'Normal', 'layer': 'Linear', 'std': 0.01}
Name of parameter - Initialization information

backbone.conv1.weight - torch.Size([64, 3, 7, 7]): 
KaimingInit: a=0, mode=fan_out, nonlinearity=relu, distribution =normal, bias=0 

backbone.bn1.weight - torch.Size([64]): 
The value is the same before and after calling `init_weights` of ImageClassifier  

backbone.bn1.bias - torch.Size([64]): 
The value is the same before and after calling `init_weights` of ImageClassifier  

backbone.layer1.0.conv1.weight - torch.Size([64, 64, 3, 3]): 
KaimingInit: a=0, mode=fan_out, nonlinearity=relu, distribution =normal, bias=0 

backbone.layer1.0.bn1.weight - torch.Size([64]): 
The value is the same before and after calling `init_weights` of ImageClassifier  

backbone.layer1.0.bn1.bias - torch.Size([64]): 
The value is the same before and after calling `init_weights` of ImageClassifier  

backbone.layer1.0.conv2.weight - torch.Size([64, 64, 3, 3]): 
KaimingInit: a=0, mode=fan_out, nonlinearity=relu, distribution =normal, bias=0 

backbone.layer1.0.bn2.weight - torch.Size([64]): 
Initialized by user-defined `init_weights` in ResNet  

backbone.layer1.0.bn2.bias - torch.Size([64]): 
The value is the same before and after calling `init_weights` of ImageClassifier  

backbone.layer1.1.conv1.weight - torch.Size([64, 64, 3, 3]): 
KaimingInit: a=0, mode=fan_out, nonlinearity=relu, distribution =normal, bias=0 

backbone.layer1.1.bn1.weight - torch.Size([64]): 
The value is the same before and after calling `init_weights` of ImageClassifier  

backbone.layer1.1.bn1.bias - torch.Size([64]): 
The value is the same before and after calling `init_weights` of ImageClassifier  

backbone.layer1.1.conv2.weight - torch.Size([64, 64, 3, 3]): 
KaimingInit: a=0, mode=fan_out, nonlinearity=relu, distribution =normal, bias=0 

backbone.layer1.1.bn2.weight - torch.Size([64]): 
Initialized by user-defined `init_weights` in ResNet  

backbone.layer1.1.bn2.bias - torch.Size([64]): 
The value is the same before and after calling `init_weights` of ImageClassifier  

backbone.layer2.0.conv1.weight - torch.Size([128, 64, 3, 3]): 
KaimingInit: a=0, mode=fan_out, nonlinearity=relu, distribution =normal, bias=0 

backbone.layer2.0.bn1.weight - torch.Size([128]): 
The value is the same before and after calling `init_weights` of ImageClassifier  

backbone.layer2.0.bn1.bias - torch.Size([128]): 
The value is the same before and after calling `init_weights` of ImageClassifier  

backbone.layer2.0.conv2.weight - torch.Size([128, 128, 3, 3]): 
KaimingInit: a=0, mode=fan_out, nonlinearity=relu, distribution =normal, bias=0 

backbone.layer2.0.bn2.weight - torch.Size([128]): 
Initialized by user-defined `init_weights` in ResNet  

backbone.layer2.0.bn2.bias - torch.Size([128]): 
The value is the same before and after calling `init_weights` of ImageClassifier  

backbone.layer2.0.downsample.0.weight - torch.Size([128, 64, 1, 1]): 
KaimingInit: a=0, mode=fan_out, nonlinearity=relu, distribution =normal, bias=0 

backbone.layer2.0.downsample.1.weight - torch.Size([128]): 
The value is the same before and after calling `init_weights` of ImageClassifier  

backbone.layer2.0.downsample.1.bias - torch.Size([128]): 
The value is the same before and after calling `init_weights` of ImageClassifier  

backbone.layer2.1.conv1.weight - torch.Size([128, 128, 3, 3]): 
KaimingInit: a=0, mode=fan_out, nonlinearity=relu, distribution =normal, bias=0 

backbone.layer2.1.bn1.weight - torch.Size([128]): 
The value is the same before and after calling `init_weights` of ImageClassifier  

backbone.layer2.1.bn1.bias - torch.Size([128]): 
The value is the same before and after calling `init_weights` of ImageClassifier  

backbone.layer2.1.conv2.weight - torch.Size([128, 128, 3, 3]): 
KaimingInit: a=0, mode=fan_out, nonlinearity=relu, distribution =normal, bias=0 

backbone.layer2.1.bn2.weight - torch.Size([128]): 
Initialized by user-defined `init_weights` in ResNet  

backbone.layer2.1.bn2.bias - torch.Size([128]): 
The value is the same before and after calling `init_weights` of ImageClassifier  

backbone.layer3.0.conv1.weight - torch.Size([256, 128, 3, 3]): 
KaimingInit: a=0, mode=fan_out, nonlinearity=relu, distribution =normal, bias=0 

backbone.layer3.0.bn1.weight - torch.Size([256]): 
The value is the same before and after calling `init_weights` of ImageClassifier  

backbone.layer3.0.bn1.bias - torch.Size([256]): 
The value is the same before and after calling `init_weights` of ImageClassifier  

backbone.layer3.0.conv2.weight - torch.Size([256, 256, 3, 3]): 
KaimingInit: a=0, mode=fan_out, nonlinearity=relu, distribution =normal, bias=0 

backbone.layer3.0.bn2.weight - torch.Size([256]): 
Initialized by user-defined `init_weights` in ResNet  

backbone.layer3.0.bn2.bias - torch.Size([256]): 
The value is the same before and after calling `init_weights` of ImageClassifier  

backbone.layer3.0.downsample.0.weight - torch.Size([256, 128, 1, 1]): 
KaimingInit: a=0, mode=fan_out, nonlinearity=relu, distribution =normal, bias=0 

backbone.layer3.0.downsample.1.weight - torch.Size([256]): 
The value is the same before and after calling `init_weights` of ImageClassifier  

backbone.layer3.0.downsample.1.bias - torch.Size([256]): 
The value is the same before and after calling `init_weights` of ImageClassifier  

backbone.layer3.1.conv1.weight - torch.Size([256, 256, 3, 3]): 
KaimingInit: a=0, mode=fan_out, nonlinearity=relu, distribution =normal, bias=0 

backbone.layer3.1.bn1.weight - torch.Size([256]): 
The value is the same before and after calling `init_weights` of ImageClassifier  

backbone.layer3.1.bn1.bias - torch.Size([256]): 
The value is the same before and after calling `init_weights` of ImageClassifier  

backbone.layer3.1.conv2.weight - torch.Size([256, 256, 3, 3]): 
KaimingInit: a=0, mode=fan_out, nonlinearity=relu, distribution =normal, bias=0 

backbone.layer3.1.bn2.weight - torch.Size([256]): 
Initialized by user-defined `init_weights` in ResNet  

backbone.layer3.1.bn2.bias - torch.Size([256]): 
The value is the same before and after calling `init_weights` of ImageClassifier  

backbone.layer4.0.conv1.weight - torch.Size([512, 256, 3, 3]): 
KaimingInit: a=0, mode=fan_out, nonlinearity=relu, distribution =normal, bias=0 

backbone.layer4.0.bn1.weight - torch.Size([512]): 
The value is the same before and after calling `init_weights` of ImageClassifier  

backbone.layer4.0.bn1.bias - torch.Size([512]): 
The value is the same before and after calling `init_weights` of ImageClassifier  

backbone.layer4.0.conv2.weight - torch.Size([512, 512, 3, 3]): 
KaimingInit: a=0, mode=fan_out, nonlinearity=relu, distribution =normal, bias=0 

backbone.layer4.0.bn2.weight - torch.Size([512]): 
Initialized by user-defined `init_weights` in ResNet  

backbone.layer4.0.bn2.bias - torch.Size([512]): 
The value is the same before and after calling `init_weights` of ImageClassifier  

backbone.layer4.0.downsample.0.weight - torch.Size([512, 256, 1, 1]): 
KaimingInit: a=0, mode=fan_out, nonlinearity=relu, distribution =normal, bias=0 

backbone.layer4.0.downsample.1.weight - torch.Size([512]): 
The value is the same before and after calling `init_weights` of ImageClassifier  

backbone.layer4.0.downsample.1.bias - torch.Size([512]): 
The value is the same before and after calling `init_weights` of ImageClassifier  

backbone.layer4.1.conv1.weight - torch.Size([512, 512, 3, 3]): 
KaimingInit: a=0, mode=fan_out, nonlinearity=relu, distribution =normal, bias=0 

backbone.layer4.1.bn1.weight - torch.Size([512]): 
The value is the same before and after calling `init_weights` of ImageClassifier  

backbone.layer4.1.bn1.bias - torch.Size([512]): 
The value is the same before and after calling `init_weights` of ImageClassifier  

backbone.layer4.1.conv2.weight - torch.Size([512, 512, 3, 3]): 
KaimingInit: a=0, mode=fan_out, nonlinearity=relu, distribution =normal, bias=0 

backbone.layer4.1.bn2.weight - torch.Size([512]): 
Initialized by user-defined `init_weights` in ResNet  

backbone.layer4.1.bn2.bias - torch.Size([512]): 
The value is the same before and after calling `init_weights` of ImageClassifier  

head.fc.weight - torch.Size([5, 512]): 
NormalInit: mean=0, std=0.01, bias=0 

head.fc.bias - torch.Size([5]): 
NormalInit: mean=0, std=0.01, bias=0 
2023-02-07 10:47:29,508 - mmcls - INFO - load checkpoint from local path: /HOME/scz0au4/run/mmclassification/checkpoints/resnet18_batch256_imagenet_20200708-34ab8f90.pth
2023-02-07 10:47:29,908 - mmcls - WARNING - The model and loaded state dict do not match exactly

size mismatch for head.fc.weight: copying a param with shape torch.Size([1000, 512]) from checkpoint, the shape in current model is torch.Size([5, 512]).
size mismatch for head.fc.bias: copying a param with shape torch.Size([1000]) from checkpoint, the shape in current model is torch.Size([5]).
2023-02-07 10:47:29,909 - mmcls - INFO - Start running, host: scz0au4@g0015, work_dir: /data/run01/scz0au4/mmclassification/work/resnet18_b16_flower
2023-02-07 10:47:29,909 - mmcls - INFO - Hooks will be executed in the following order:
before_run:
(VERY_HIGH   ) StepLrUpdaterHook                  
(NORMAL      ) CheckpointHook                     
(LOW         ) EvalHook                           
(VERY_LOW    ) TextLoggerHook                     
 -------------------- 
before_train_epoch:
(VERY_HIGH   ) StepLrUpdaterHook                  
(LOW         ) IterTimerHook                      
(LOW         ) EvalHook                           
(VERY_LOW    ) TextLoggerHook                     
 -------------------- 
before_train_iter:
(VERY_HIGH   ) StepLrUpdaterHook                  
(LOW         ) IterTimerHook                      
(LOW         ) EvalHook                           
 -------------------- 
after_train_iter:
(ABOVE_NORMAL) OptimizerHook                      
(NORMAL      ) CheckpointHook                     
(LOW         ) IterTimerHook                      
(LOW         ) EvalHook                           
(VERY_LOW    ) TextLoggerHook                     
 -------------------- 
after_train_epoch:
(NORMAL      ) CheckpointHook                     
(LOW         ) EvalHook                           
(VERY_LOW    ) TextLoggerHook                     
 -------------------- 
before_val_epoch:
(LOW         ) IterTimerHook                      
(VERY_LOW    ) TextLoggerHook                     
 -------------------- 
before_val_iter:
(LOW         ) IterTimerHook                      
 -------------------- 
after_val_iter:
(LOW         ) IterTimerHook                      
 -------------------- 
after_val_epoch:
(VERY_LOW    ) TextLoggerHook                     
 -------------------- 
after_run:
(VERY_LOW    ) TextLoggerHook                     
 -------------------- 
2023-02-07 10:47:29,909 - mmcls - INFO - workflow: [('train', 1)], max: 100 epochs
2023-02-07 10:47:29,909 - mmcls - INFO - Checkpoints will be saved to /data/run01/scz0au4/mmclassification/work/resnet18_b16_flower by HardDiskBackend.
2023-02-07 10:47:50,621 - mmcls - INFO - Saving checkpoint at 1 epochs
2023-02-07 10:47:54,349 - mmcls - INFO - Epoch(val) [1][18]	accuracy_top-1: 90.9091, accuracy_top-5: 100.0000
2023-02-07 10:47:59,780 - mmcls - INFO - Saving checkpoint at 2 epochs
2023-02-07 10:48:00,735 - mmcls - INFO - Epoch(val) [2][18]	accuracy_top-1: 90.7343, accuracy_top-5: 100.0000
2023-02-07 10:48:06,183 - mmcls - INFO - Saving checkpoint at 3 epochs
2023-02-07 10:48:07,129 - mmcls - INFO - Epoch(val) [3][18]	accuracy_top-1: 91.4336, accuracy_top-5: 100.0000
2023-02-07 10:48:12,561 - mmcls - INFO - Saving checkpoint at 4 epochs
2023-02-07 10:48:13,510 - mmcls - INFO - Epoch(val) [4][18]	accuracy_top-1: 91.7832, accuracy_top-5: 100.0000
2023-02-07 10:48:18,933 - mmcls - INFO - Saving checkpoint at 5 epochs
2023-02-07 10:48:19,932 - mmcls - INFO - Epoch(val) [5][18]	accuracy_top-1: 92.4825, accuracy_top-5: 100.0000
2023-02-07 10:48:25,368 - mmcls - INFO - Saving checkpoint at 6 epochs
2023-02-07 10:48:26,324 - mmcls - INFO - Epoch(val) [6][18]	accuracy_top-1: 92.6573, accuracy_top-5: 100.0000
2023-02-07 10:48:31,792 - mmcls - INFO - Saving checkpoint at 7 epochs
2023-02-07 10:48:32,746 - mmcls - INFO - Epoch(val) [7][18]	accuracy_top-1: 92.4825, accuracy_top-5: 100.0000
2023-02-07 10:48:38,157 - mmcls - INFO - Saving checkpoint at 8 epochs
2023-02-07 10:48:39,101 - mmcls - INFO - Epoch(val) [8][18]	accuracy_top-1: 92.4825, accuracy_top-5: 100.0000
2023-02-07 10:48:44,507 - mmcls - INFO - Saving checkpoint at 9 epochs
2023-02-07 10:48:45,456 - mmcls - INFO - Epoch(val) [9][18]	accuracy_top-1: 91.9580, accuracy_top-5: 100.0000
2023-02-07 10:48:50,888 - mmcls - INFO - Saving checkpoint at 10 epochs
2023-02-07 10:48:51,847 - mmcls - INFO - Epoch(val) [10][18]	accuracy_top-1: 92.3077, accuracy_top-5: 100.0000
2023-02-07 10:48:57,299 - mmcls - INFO - Saving checkpoint at 11 epochs
2023-02-07 10:48:58,253 - mmcls - INFO - Epoch(val) [11][18]	accuracy_top-1: 93.3566, accuracy_top-5: 100.0000
2023-02-07 10:49:03,710 - mmcls - INFO - Saving checkpoint at 12 epochs
2023-02-07 10:49:04,665 - mmcls - INFO - Epoch(val) [12][18]	accuracy_top-1: 93.1818, accuracy_top-5: 100.0000
2023-02-07 10:49:10,049 - mmcls - INFO - Saving checkpoint at 13 epochs
2023-02-07 10:49:11,005 - mmcls - INFO - Epoch(val) [13][18]	accuracy_top-1: 92.8322, accuracy_top-5: 100.0000
2023-02-07 10:49:16,421 - mmcls - INFO - Saving checkpoint at 14 epochs
2023-02-07 10:49:17,373 - mmcls - INFO - Epoch(val) [14][18]	accuracy_top-1: 93.0070, accuracy_top-5: 100.0000
2023-02-07 10:49:22,765 - mmcls - INFO - Saving checkpoint at 15 epochs
2023-02-07 10:49:23,731 - mmcls - INFO - Epoch(val) [15][18]	accuracy_top-1: 93.0070, accuracy_top-5: 100.0000
2023-02-07 10:49:29,157 - mmcls - INFO - Saving checkpoint at 16 epochs
2023-02-07 10:49:30,112 - mmcls - INFO - Epoch(val) [16][18]	accuracy_top-1: 92.4825, accuracy_top-5: 100.0000
2023-02-07 10:49:35,531 - mmcls - INFO - Saving checkpoint at 17 epochs
2023-02-07 10:49:36,481 - mmcls - INFO - Epoch(val) [17][18]	accuracy_top-1: 93.0070, accuracy_top-5: 100.0000
2023-02-07 10:49:41,926 - mmcls - INFO - Saving checkpoint at 18 epochs
2023-02-07 10:49:42,884 - mmcls - INFO - Epoch(val) [18][18]	accuracy_top-1: 92.6573, accuracy_top-5: 100.0000
2023-02-07 10:49:48,315 - mmcls - INFO - Saving checkpoint at 19 epochs
2023-02-07 10:49:49,274 - mmcls - INFO - Epoch(val) [19][18]	accuracy_top-1: 92.3077, accuracy_top-5: 100.0000
2023-02-07 10:49:54,689 - mmcls - INFO - Saving checkpoint at 20 epochs
2023-02-07 10:49:55,638 - mmcls - INFO - Epoch(val) [20][18]	accuracy_top-1: 92.6573, accuracy_top-5: 100.0000
2023-02-07 10:50:01,052 - mmcls - INFO - Saving checkpoint at 21 epochs
2023-02-07 10:50:02,003 - mmcls - INFO - Epoch(val) [21][18]	accuracy_top-1: 93.5315, accuracy_top-5: 100.0000
2023-02-07 10:50:07,492 - mmcls - INFO - Saving checkpoint at 22 epochs
2023-02-07 10:50:08,440 - mmcls - INFO - Epoch(val) [22][18]	accuracy_top-1: 93.1818, accuracy_top-5: 100.0000
2023-02-07 10:50:13,891 - mmcls - INFO - Saving checkpoint at 23 epochs
2023-02-07 10:50:14,839 - mmcls - INFO - Epoch(val) [23][18]	accuracy_top-1: 93.1818, accuracy_top-5: 100.0000
2023-02-07 10:50:20,227 - mmcls - INFO - Saving checkpoint at 24 epochs
2023-02-07 10:50:21,175 - mmcls - INFO - Epoch(val) [24][18]	accuracy_top-1: 93.0070, accuracy_top-5: 100.0000
2023-02-07 10:50:26,600 - mmcls - INFO - Saving checkpoint at 25 epochs
2023-02-07 10:50:27,547 - mmcls - INFO - Epoch(val) [25][18]	accuracy_top-1: 93.5315, accuracy_top-5: 100.0000
2023-02-07 10:50:33,035 - mmcls - INFO - Saving checkpoint at 26 epochs
2023-02-07 10:50:33,992 - mmcls - INFO - Epoch(val) [26][18]	accuracy_top-1: 93.7063, accuracy_top-5: 100.0000
2023-02-07 10:50:39,392 - mmcls - INFO - Saving checkpoint at 27 epochs
2023-02-07 10:50:40,337 - mmcls - INFO - Epoch(val) [27][18]	accuracy_top-1: 93.7063, accuracy_top-5: 100.0000
2023-02-07 10:50:45,733 - mmcls - INFO - Saving checkpoint at 28 epochs
2023-02-07 10:50:46,677 - mmcls - INFO - Epoch(val) [28][18]	accuracy_top-1: 93.1818, accuracy_top-5: 100.0000
2023-02-07 10:50:52,117 - mmcls - INFO - Saving checkpoint at 29 epochs
2023-02-07 10:50:53,061 - mmcls - INFO - Epoch(val) [29][18]	accuracy_top-1: 93.3566, accuracy_top-5: 100.0000
2023-02-07 10:50:58,496 - mmcls - INFO - Saving checkpoint at 30 epochs
2023-02-07 10:50:59,455 - mmcls - INFO - Epoch(val) [30][18]	accuracy_top-1: 93.7063, accuracy_top-5: 100.0000
2023-02-07 10:51:04,875 - mmcls - INFO - Saving checkpoint at 31 epochs
2023-02-07 10:51:05,835 - mmcls - INFO - Epoch(val) [31][18]	accuracy_top-1: 93.0070, accuracy_top-5: 100.0000
2023-02-07 10:51:11,283 - mmcls - INFO - Saving checkpoint at 32 epochs
2023-02-07 10:51:12,230 - mmcls - INFO - Epoch(val) [32][18]	accuracy_top-1: 93.5315, accuracy_top-5: 100.0000
2023-02-07 10:51:17,670 - mmcls - INFO - Saving checkpoint at 33 epochs
2023-02-07 10:51:18,719 - mmcls - INFO - Epoch(val) [33][18]	accuracy_top-1: 93.3566, accuracy_top-5: 100.0000
2023-02-07 10:51:24,166 - mmcls - INFO - Saving checkpoint at 34 epochs
2023-02-07 10:51:25,119 - mmcls - INFO - Epoch(val) [34][18]	accuracy_top-1: 93.7063, accuracy_top-5: 100.0000
2023-02-07 10:51:30,529 - mmcls - INFO - Saving checkpoint at 35 epochs
2023-02-07 10:51:31,483 - mmcls - INFO - Epoch(val) [35][18]	accuracy_top-1: 93.3566, accuracy_top-5: 100.0000
2023-02-07 10:51:36,946 - mmcls - INFO - Saving checkpoint at 36 epochs
2023-02-07 10:51:37,897 - mmcls - INFO - Epoch(val) [36][18]	accuracy_top-1: 93.3566, accuracy_top-5: 100.0000
2023-02-07 10:51:43,362 - mmcls - INFO - Saving checkpoint at 37 epochs
2023-02-07 10:51:44,305 - mmcls - INFO - Epoch(val) [37][18]	accuracy_top-1: 93.8811, accuracy_top-5: 100.0000
2023-02-07 10:51:49,776 - mmcls - INFO - Saving checkpoint at 38 epochs
2023-02-07 10:51:50,728 - mmcls - INFO - Epoch(val) [38][18]	accuracy_top-1: 93.7063, accuracy_top-5: 100.0000
2023-02-07 10:51:56,150 - mmcls - INFO - Saving checkpoint at 39 epochs
2023-02-07 10:51:57,107 - mmcls - INFO - Epoch(val) [39][18]	accuracy_top-1: 93.8811, accuracy_top-5: 100.0000
2023-02-07 10:52:02,551 - mmcls - INFO - Saving checkpoint at 40 epochs
2023-02-07 10:52:03,508 - mmcls - INFO - Epoch(val) [40][18]	accuracy_top-1: 93.3566, accuracy_top-5: 100.0000
2023-02-07 10:52:08,920 - mmcls - INFO - Saving checkpoint at 41 epochs
2023-02-07 10:52:09,871 - mmcls - INFO - Epoch(val) [41][18]	accuracy_top-1: 94.2308, accuracy_top-5: 100.0000
2023-02-07 10:52:15,281 - mmcls - INFO - Saving checkpoint at 42 epochs
2023-02-07 10:52:16,224 - mmcls - INFO - Epoch(val) [42][18]	accuracy_top-1: 93.7063, accuracy_top-5: 100.0000
2023-02-07 10:52:21,644 - mmcls - INFO - Saving checkpoint at 43 epochs
2023-02-07 10:52:22,598 - mmcls - INFO - Epoch(val) [43][18]	accuracy_top-1: 94.2308, accuracy_top-5: 100.0000
2023-02-07 10:52:28,064 - mmcls - INFO - Saving checkpoint at 44 epochs
2023-02-07 10:52:29,014 - mmcls - INFO - Epoch(val) [44][18]	accuracy_top-1: 94.9301, accuracy_top-5: 100.0000
2023-02-07 10:52:34,425 - mmcls - INFO - Saving checkpoint at 45 epochs
2023-02-07 10:52:35,376 - mmcls - INFO - Epoch(val) [45][18]	accuracy_top-1: 93.8811, accuracy_top-5: 100.0000
2023-02-07 10:52:40,809 - mmcls - INFO - Saving checkpoint at 46 epochs
2023-02-07 10:52:41,760 - mmcls - INFO - Epoch(val) [46][18]	accuracy_top-1: 94.5804, accuracy_top-5: 100.0000
2023-02-07 10:52:47,190 - mmcls - INFO - Saving checkpoint at 47 epochs
2023-02-07 10:52:48,147 - mmcls - INFO - Epoch(val) [47][18]	accuracy_top-1: 94.4056, accuracy_top-5: 100.0000
2023-02-07 10:52:53,550 - mmcls - INFO - Saving checkpoint at 48 epochs
2023-02-07 10:52:54,502 - mmcls - INFO - Epoch(val) [48][18]	accuracy_top-1: 93.7063, accuracy_top-5: 100.0000
2023-02-07 10:52:59,932 - mmcls - INFO - Saving checkpoint at 49 epochs
2023-02-07 10:53:00,878 - mmcls - INFO - Epoch(val) [49][18]	accuracy_top-1: 94.0559, accuracy_top-5: 100.0000
2023-02-07 10:53:06,336 - mmcls - INFO - Saving checkpoint at 50 epochs
2023-02-07 10:53:07,278 - mmcls - INFO - Epoch(val) [50][18]	accuracy_top-1: 95.1049, accuracy_top-5: 100.0000
2023-02-07 10:53:12,731 - mmcls - INFO - Saving checkpoint at 51 epochs
2023-02-07 10:53:13,685 - mmcls - INFO - Epoch(val) [51][18]	accuracy_top-1: 94.4056, accuracy_top-5: 100.0000
2023-02-07 10:53:19,130 - mmcls - INFO - Saving checkpoint at 52 epochs
2023-02-07 10:53:20,078 - mmcls - INFO - Epoch(val) [52][18]	accuracy_top-1: 93.8811, accuracy_top-5: 100.0000
2023-02-07 10:53:25,527 - mmcls - INFO - Saving checkpoint at 53 epochs
2023-02-07 10:53:26,477 - mmcls - INFO - Epoch(val) [53][18]	accuracy_top-1: 94.9301, accuracy_top-5: 100.0000
2023-02-07 10:53:31,912 - mmcls - INFO - Saving checkpoint at 54 epochs
2023-02-07 10:53:32,857 - mmcls - INFO - Epoch(val) [54][18]	accuracy_top-1: 94.4056, accuracy_top-5: 100.0000
2023-02-07 10:53:38,293 - mmcls - INFO - Saving checkpoint at 55 epochs
2023-02-07 10:53:39,242 - mmcls - INFO - Epoch(val) [55][18]	accuracy_top-1: 94.5804, accuracy_top-5: 100.0000
2023-02-07 10:53:44,694 - mmcls - INFO - Saving checkpoint at 56 epochs
2023-02-07 10:53:45,637 - mmcls - INFO - Epoch(val) [56][18]	accuracy_top-1: 93.8811, accuracy_top-5: 100.0000
2023-02-07 10:53:51,060 - mmcls - INFO - Saving checkpoint at 57 epochs
2023-02-07 10:53:52,016 - mmcls - INFO - Epoch(val) [57][18]	accuracy_top-1: 95.1049, accuracy_top-5: 100.0000
2023-02-07 10:53:57,464 - mmcls - INFO - Saving checkpoint at 58 epochs
2023-02-07 10:53:58,413 - mmcls - INFO - Epoch(val) [58][18]	accuracy_top-1: 95.1049, accuracy_top-5: 100.0000
2023-02-07 10:54:03,841 - mmcls - INFO - Saving checkpoint at 59 epochs
2023-02-07 10:54:04,794 - mmcls - INFO - Epoch(val) [59][18]	accuracy_top-1: 94.2308, accuracy_top-5: 100.0000
2023-02-07 10:54:10,197 - mmcls - INFO - Saving checkpoint at 60 epochs
2023-02-07 10:54:11,143 - mmcls - INFO - Epoch(val) [60][18]	accuracy_top-1: 94.5804, accuracy_top-5: 100.0000
2023-02-07 10:54:16,552 - mmcls - INFO - Saving checkpoint at 61 epochs
2023-02-07 10:54:17,496 - mmcls - INFO - Epoch(val) [61][18]	accuracy_top-1: 94.7552, accuracy_top-5: 100.0000
2023-02-07 10:54:22,935 - mmcls - INFO - Saving checkpoint at 62 epochs
2023-02-07 10:54:23,877 - mmcls - INFO - Epoch(val) [62][18]	accuracy_top-1: 94.5804, accuracy_top-5: 100.0000
2023-02-07 10:54:29,293 - mmcls - INFO - Saving checkpoint at 63 epochs
2023-02-07 10:54:30,247 - mmcls - INFO - Epoch(val) [63][18]	accuracy_top-1: 95.1049, accuracy_top-5: 100.0000
2023-02-07 10:54:35,641 - mmcls - INFO - Saving checkpoint at 64 epochs
2023-02-07 10:54:36,583 - mmcls - INFO - Epoch(val) [64][18]	accuracy_top-1: 95.2797, accuracy_top-5: 100.0000
2023-02-07 10:54:42,026 - mmcls - INFO - Saving checkpoint at 65 epochs
2023-02-07 10:54:42,972 - mmcls - INFO - Epoch(val) [65][18]	accuracy_top-1: 94.2308, accuracy_top-5: 100.0000
2023-02-07 10:54:48,448 - mmcls - INFO - Saving checkpoint at 66 epochs
2023-02-07 10:54:49,402 - mmcls - INFO - Epoch(val) [66][18]	accuracy_top-1: 94.5804, accuracy_top-5: 100.0000
2023-02-07 10:54:54,824 - mmcls - INFO - Saving checkpoint at 67 epochs
2023-02-07 10:54:55,776 - mmcls - INFO - Epoch(val) [67][18]	accuracy_top-1: 94.9301, accuracy_top-5: 100.0000
2023-02-07 10:55:01,591 - mmcls - INFO - Saving checkpoint at 68 epochs
2023-02-07 10:55:02,544 - mmcls - INFO - Epoch(val) [68][18]	accuracy_top-1: 94.9301, accuracy_top-5: 100.0000
2023-02-07 10:55:08,003 - mmcls - INFO - Saving checkpoint at 69 epochs
2023-02-07 10:55:08,950 - mmcls - INFO - Epoch(val) [69][18]	accuracy_top-1: 94.4056, accuracy_top-5: 100.0000
2023-02-07 10:55:14,406 - mmcls - INFO - Saving checkpoint at 70 epochs
2023-02-07 10:55:15,364 - mmcls - INFO - Epoch(val) [70][18]	accuracy_top-1: 94.4056, accuracy_top-5: 100.0000
2023-02-07 10:55:20,748 - mmcls - INFO - Saving checkpoint at 71 epochs
2023-02-07 10:55:21,703 - mmcls - INFO - Epoch(val) [71][18]	accuracy_top-1: 95.2797, accuracy_top-5: 100.0000
2023-02-07 10:55:27,135 - mmcls - INFO - Saving checkpoint at 72 epochs
2023-02-07 10:55:28,082 - mmcls - INFO - Epoch(val) [72][18]	accuracy_top-1: 94.2308, accuracy_top-5: 100.0000
2023-02-07 10:55:33,488 - mmcls - INFO - Saving checkpoint at 73 epochs
2023-02-07 10:55:34,440 - mmcls - INFO - Epoch(val) [73][18]	accuracy_top-1: 95.2797, accuracy_top-5: 100.0000
2023-02-07 10:55:39,855 - mmcls - INFO - Saving checkpoint at 74 epochs
2023-02-07 10:55:40,798 - mmcls - INFO - Epoch(val) [74][18]	accuracy_top-1: 94.9301, accuracy_top-5: 100.0000
2023-02-07 10:55:46,293 - mmcls - INFO - Saving checkpoint at 75 epochs
2023-02-07 10:55:47,252 - mmcls - INFO - Epoch(val) [75][18]	accuracy_top-1: 94.2308, accuracy_top-5: 100.0000
2023-02-07 10:55:52,659 - mmcls - INFO - Saving checkpoint at 76 epochs
2023-02-07 10:55:53,609 - mmcls - INFO - Epoch(val) [76][18]	accuracy_top-1: 94.5804, accuracy_top-5: 100.0000
2023-02-07 10:55:59,012 - mmcls - INFO - Saving checkpoint at 77 epochs
2023-02-07 10:55:59,959 - mmcls - INFO - Epoch(val) [77][18]	accuracy_top-1: 95.1049, accuracy_top-5: 100.0000
2023-02-07 10:56:05,417 - mmcls - INFO - Saving checkpoint at 78 epochs
2023-02-07 10:56:06,384 - mmcls - INFO - Epoch(val) [78][18]	accuracy_top-1: 94.7552, accuracy_top-5: 100.0000
2023-02-07 10:56:11,829 - mmcls - INFO - Saving checkpoint at 79 epochs
2023-02-07 10:56:12,784 - mmcls - INFO - Epoch(val) [79][18]	accuracy_top-1: 94.4056, accuracy_top-5: 100.0000
2023-02-07 10:56:18,231 - mmcls - INFO - Saving checkpoint at 80 epochs
2023-02-07 10:56:19,182 - mmcls - INFO - Epoch(val) [80][18]	accuracy_top-1: 93.8811, accuracy_top-5: 100.0000
2023-02-07 10:56:24,603 - mmcls - INFO - Saving checkpoint at 81 epochs
2023-02-07 10:56:25,558 - mmcls - INFO - Epoch(val) [81][18]	accuracy_top-1: 95.2797, accuracy_top-5: 100.0000
2023-02-07 10:56:30,999 - mmcls - INFO - Saving checkpoint at 82 epochs
2023-02-07 10:56:31,942 - mmcls - INFO - Epoch(val) [82][18]	accuracy_top-1: 94.2308, accuracy_top-5: 100.0000
2023-02-07 10:56:37,378 - mmcls - INFO - Saving checkpoint at 83 epochs
2023-02-07 10:56:38,335 - mmcls - INFO - Epoch(val) [83][18]	accuracy_top-1: 93.8811, accuracy_top-5: 100.0000
2023-02-07 10:56:43,796 - mmcls - INFO - Saving checkpoint at 84 epochs
2023-02-07 10:56:44,753 - mmcls - INFO - Epoch(val) [84][18]	accuracy_top-1: 94.9301, accuracy_top-5: 100.0000
2023-02-07 10:56:50,249 - mmcls - INFO - Saving checkpoint at 85 epochs
2023-02-07 10:56:51,195 - mmcls - INFO - Epoch(val) [85][18]	accuracy_top-1: 94.4056, accuracy_top-5: 100.0000
2023-02-07 10:56:56,645 - mmcls - INFO - Saving checkpoint at 86 epochs
2023-02-07 10:56:57,600 - mmcls - INFO - Epoch(val) [86][18]	accuracy_top-1: 94.9301, accuracy_top-5: 100.0000
2023-02-07 10:57:03,018 - mmcls - INFO - Saving checkpoint at 87 epochs
2023-02-07 10:57:03,966 - mmcls - INFO - Epoch(val) [87][18]	accuracy_top-1: 95.1049, accuracy_top-5: 100.0000
2023-02-07 10:57:09,423 - mmcls - INFO - Saving checkpoint at 88 epochs
2023-02-07 10:57:10,376 - mmcls - INFO - Epoch(val) [88][18]	accuracy_top-1: 94.2308, accuracy_top-5: 100.0000
2023-02-07 10:57:15,787 - mmcls - INFO - Saving checkpoint at 89 epochs
2023-02-07 10:57:16,734 - mmcls - INFO - Epoch(val) [89][18]	accuracy_top-1: 94.5804, accuracy_top-5: 100.0000
2023-02-07 10:57:22,188 - mmcls - INFO - Saving checkpoint at 90 epochs
2023-02-07 10:57:23,136 - mmcls - INFO - Epoch(val) [90][18]	accuracy_top-1: 95.2797, accuracy_top-5: 100.0000
2023-02-07 10:57:28,576 - mmcls - INFO - Saving checkpoint at 91 epochs
2023-02-07 10:57:29,526 - mmcls - INFO - Epoch(val) [91][18]	accuracy_top-1: 94.9301, accuracy_top-5: 100.0000
2023-02-07 10:57:34,973 - mmcls - INFO - Saving checkpoint at 92 epochs
2023-02-07 10:57:35,931 - mmcls - INFO - Epoch(val) [92][18]	accuracy_top-1: 94.7552, accuracy_top-5: 100.0000
2023-02-07 10:57:41,414 - mmcls - INFO - Saving checkpoint at 93 epochs
2023-02-07 10:57:42,365 - mmcls - INFO - Epoch(val) [93][18]	accuracy_top-1: 94.0559, accuracy_top-5: 100.0000
2023-02-07 10:57:47,782 - mmcls - INFO - Saving checkpoint at 94 epochs
2023-02-07 10:57:48,733 - mmcls - INFO - Epoch(val) [94][18]	accuracy_top-1: 94.9301, accuracy_top-5: 100.0000
2023-02-07 10:57:54,167 - mmcls - INFO - Saving checkpoint at 95 epochs
2023-02-07 10:57:55,118 - mmcls - INFO - Epoch(val) [95][18]	accuracy_top-1: 95.2797, accuracy_top-5: 100.0000
2023-02-07 10:58:00,616 - mmcls - INFO - Saving checkpoint at 96 epochs
2023-02-07 10:58:01,570 - mmcls - INFO - Epoch(val) [96][18]	accuracy_top-1: 94.9301, accuracy_top-5: 100.0000
2023-02-07 10:58:07,013 - mmcls - INFO - Saving checkpoint at 97 epochs
2023-02-07 10:58:07,965 - mmcls - INFO - Epoch(val) [97][18]	accuracy_top-1: 95.2797, accuracy_top-5: 100.0000
2023-02-07 10:58:13,393 - mmcls - INFO - Saving checkpoint at 98 epochs
2023-02-07 10:58:14,342 - mmcls - INFO - Epoch(val) [98][18]	accuracy_top-1: 95.8042, accuracy_top-5: 100.0000
2023-02-07 10:58:19,764 - mmcls - INFO - Saving checkpoint at 99 epochs
2023-02-07 10:58:20,719 - mmcls - INFO - Epoch(val) [99][18]	accuracy_top-1: 94.4056, accuracy_top-5: 100.0000
2023-02-07 10:58:26,171 - mmcls - INFO - Saving checkpoint at 100 epochs
2023-02-07 10:58:27,118 - mmcls - INFO - Epoch(val) [100][18]	accuracy_top-1: 95.1049, accuracy_top-5: 100.0000
